<?xml version="1.0" encoding="UTF-8"?>
<testng-results skipped="0" failed="0" ignored="0" total="6" passed="6">
  <reporter-output>
  </reporter-output>
  <suite name="webSuite" duration-ms="32134" started-at="2023-03-09T21:29:21 BDT" finished-at="2023-03-09T21:29:54 BDT">
    <groups>
      <group name="cucumber">
        <method signature="AbstractTestNGCucumberTests.runScenario(io.cucumber.testng.PickleWrapper, io.cucumber.testng.FeatureWrapper)[pri:0, instance:Web.TestRunner.XYZBankTestRunner@192d43ce]" name="runScenario" class="io.cucumber.testng.AbstractTestNGCucumberTests"/>
      </group> <!-- cucumber -->
    </groups>
    <test name="xyzBank" duration-ms="32134" started-at="2023-03-09T21:29:21 BDT" finished-at="2023-03-09T21:29:54 BDT">
      <class name="Web.TestRunner.XYZBankTestRunner">
        <test-method status="PASS" signature="setUpClass()[pri:0, instance:Web.TestRunner.XYZBankTestRunner@192d43ce]" name="setUpClass" is-config="true" duration-ms="2095" started-at="2023-03-09T21:29:22 BDT" finished-at="2023-03-09T21:29:24 BDT">
          <reporter-output>
          </reporter-output>
        </test-method> <!-- setUpClass -->
        <test-method status="PASS" signature="runScenario(io.cucumber.testng.PickleWrapper, io.cucumber.testng.FeatureWrapper)[pri:0, instance:Web.TestRunner.XYZBankTestRunner@192d43ce]" name="runScenario" duration-ms="15347" started-at="2023-03-09T21:29:24 BDT" description="Runs Cucumber Scenarios" data-provider="scenarios" finished-at="2023-03-09T21:29:39 BDT">
          <params>
            <param index="0">
              <value>
                <![CDATA["Manager adds a customer"]]>
              </value>
            </param>
            <param index="1">
              <value>
                <![CDATA["Optional[Bank Manager Login (addCustomer)]"]]>
              </value>
            </param>
          </params>
          <reporter-output>
          </reporter-output>
        </test-method> <!-- runScenario -->
        <test-method status="PASS" signature="runScenario(io.cucumber.testng.PickleWrapper, io.cucumber.testng.FeatureWrapper)[pri:0, instance:Web.TestRunner.XYZBankTestRunner@192d43ce]" name="runScenario" duration-ms="6865" started-at="2023-03-09T21:29:39 BDT" description="Runs Cucumber Scenarios" data-provider="scenarios" finished-at="2023-03-09T21:29:46 BDT">
          <params>
            <param index="0">
              <value>
                <![CDATA["Manager opens an account by linking newly created customer"]]>
              </value>
            </param>
            <param index="1">
              <value>
                <![CDATA["Optional[Bank Manager Login (openAccount)]"]]>
              </value>
            </param>
          </params>
          <reporter-output>
          </reporter-output>
        </test-method> <!-- runScenario -->
        <test-method status="PASS" signature="runScenario(io.cucumber.testng.PickleWrapper, io.cucumber.testng.FeatureWrapper)[pri:0, instance:Web.TestRunner.XYZBankTestRunner@192d43ce]" name="runScenario" duration-ms="7652" started-at="2023-03-09T21:29:46 BDT" description="Runs Cucumber Scenarios" data-provider="scenarios" finished-at="2023-03-09T21:29:54 BDT">
          <params>
            <param index="0">
              <value>
                <![CDATA["Manager deletes the new customer"]]>
              </value>
            </param>
            <param index="1">
              <value>
                <![CDATA["Optional[Bank Manager Login (deleteCustomer)]"]]>
              </value>
            </param>
          </params>
          <reporter-output>
          </reporter-output>
        </test-method> <!-- runScenario -->
        <test-method status="PASS" signature="tearDownClass()[pri:0, instance:Web.TestRunner.XYZBankTestRunner@192d43ce]" name="tearDownClass" is-config="true" duration-ms="40" started-at="2023-03-09T21:29:54 BDT" finished-at="2023-03-09T21:29:54 BDT">
          <reporter-output>
          </reporter-output>
        </test-method> <!-- tearDownClass -->
      </class> <!-- Web.TestRunner.XYZBankTestRunner -->
    </test> <!-- xyzBank -->
  </suite> <!-- webSuite -->
  <suite name="appSuite" duration-ms="42561" started-at="2023-03-09T21:29:54 BDT" finished-at="2023-03-09T21:30:36 BDT">
    <groups>
      <group name="cucumber">
        <method signature="AbstractTestNGCucumberTests.runScenario(io.cucumber.testng.PickleWrapper, io.cucumber.testng.FeatureWrapper)[pri:0, instance:App.TestRunner.ExperiBankTestRunner@6356695f]" name="runScenario" class="io.cucumber.testng.AbstractTestNGCucumberTests"/>
      </group> <!-- cucumber -->
    </groups>
    <test name="ExperiBank" duration-ms="42561" started-at="2023-03-09T21:29:54 BDT" finished-at="2023-03-09T21:30:36 BDT">
      <class name="App.TestRunner.ExperiBankTestRunner">
        <test-method status="PASS" signature="setUpClass()[pri:0, instance:App.TestRunner.ExperiBankTestRunner@6356695f]" name="setUpClass" is-config="true" duration-ms="21" started-at="2023-03-09T21:29:54 BDT" finished-at="2023-03-09T21:29:54 BDT">
          <reporter-output>
          </reporter-output>
        </test-method> <!-- setUpClass -->
        <test-method status="PASS" signature="runScenario(io.cucumber.testng.PickleWrapper, io.cucumber.testng.FeatureWrapper)[pri:0, instance:App.TestRunner.ExperiBankTestRunner@6356695f]" name="runScenario" duration-ms="22156" started-at="2023-03-09T21:29:54 BDT" description="Runs Cucumber Scenarios" data-provider="scenarios" finished-at="2023-03-09T21:30:16 BDT">
          <params>
            <param index="0">
              <value>
                <![CDATA["user login"]]>
              </value>
            </param>
            <param index="1">
              <value>
                <![CDATA["Optional[AppTest]"]]>
              </value>
            </param>
          </params>
          <reporter-output>
          </reporter-output>
        </test-method> <!-- runScenario -->
        <test-method status="PASS" signature="runScenario(io.cucumber.testng.PickleWrapper, io.cucumber.testng.FeatureWrapper)[pri:0, instance:App.TestRunner.ExperiBankTestRunner@6356695f]" name="runScenario" duration-ms="20361" started-at="2023-03-09T21:30:16 BDT" description="Runs Cucumber Scenarios" data-provider="scenarios" finished-at="2023-03-09T21:30:36 BDT">
          <params>
            <param index="0">
              <value>
                <![CDATA[""]]>
              </value>
            </param>
            <param index="1">
              <value>
                <![CDATA["Optional.empty"]]>
              </value>
            </param>
          </params>
          <reporter-output>
          </reporter-output>
        </test-method> <!-- runScenario -->
        <test-method status="PASS" signature="tearDownClass()[pri:0, instance:App.TestRunner.ExperiBankTestRunner@6356695f]" name="tearDownClass" is-config="true" duration-ms="21" started-at="2023-03-09T21:30:36 BDT" finished-at="2023-03-09T21:30:36 BDT">
          <reporter-output>
          </reporter-output>
        </test-method> <!-- tearDownClass -->
      </class> <!-- App.TestRunner.ExperiBankTestRunner -->
    </test> <!-- ExperiBank -->
  </suite> <!-- appSuite -->
  <suite name="apiSuite" duration-ms="2029" started-at="2023-03-09T21:30:36 BDT" finished-at="2023-03-09T21:30:38 BDT">
    <groups>
      <group name="cucumber">
        <method signature="AbstractTestNGCucumberTests.runScenario(io.cucumber.testng.PickleWrapper, io.cucumber.testng.FeatureWrapper)[pri:0, instance:Api.TestRunner.GetApiTestRunner@3e58a80e]" name="runScenario" class="io.cucumber.testng.AbstractTestNGCucumberTests"/>
      </group> <!-- cucumber -->
    </groups>
    <test name="getApiReqRes" duration-ms="2029" started-at="2023-03-09T21:30:36 BDT" finished-at="2023-03-09T21:30:38 BDT">
      <class name="Api.TestRunner.GetApiTestRunner">
        <test-method status="PASS" signature="setUpClass()[pri:0, instance:Api.TestRunner.GetApiTestRunner@3e58a80e]" name="setUpClass" is-config="true" duration-ms="14" started-at="2023-03-09T21:30:36 BDT" finished-at="2023-03-09T21:30:36 BDT">
          <reporter-output>
          </reporter-output>
        </test-method> <!-- setUpClass -->
        <test-method status="PASS" signature="runScenario(io.cucumber.testng.PickleWrapper, io.cucumber.testng.FeatureWrapper)[pri:0, instance:Api.TestRunner.GetApiTestRunner@3e58a80e]" name="runScenario" duration-ms="1976" started-at="2023-03-09T21:30:36 BDT" description="Runs Cucumber Scenarios" data-provider="scenarios" finished-at="2023-03-09T21:30:38 BDT">
          <params>
            <param index="0">
              <value>
                <![CDATA["get api check of pages"]]>
              </value>
            </param>
            <param index="1">
              <value>
                <![CDATA["Optional.empty"]]>
              </value>
            </param>
          </params>
          <reporter-output>
          </reporter-output>
        </test-method> <!-- runScenario -->
        <test-method status="PASS" signature="tearDownClass()[pri:0, instance:Api.TestRunner.GetApiTestRunner@3e58a80e]" name="tearDownClass" is-config="true" duration-ms="35" started-at="2023-03-09T21:30:38 BDT" finished-at="2023-03-09T21:30:38 BDT">
          <reporter-output>
          </reporter-output>
        </test-method> <!-- tearDownClass -->
      </class> <!-- Api.TestRunner.GetApiTestRunner -->
    </test> <!-- getApiReqRes -->
  </suite> <!-- apiSuite -->
</testng-results>
