<?xml version="1.0" encoding="UTF-8"?>
<testng-results skipped="0" failed="0" ignored="0" total="8" passed="8">
  <reporter-output>
  </reporter-output>
  <suite name="webSuite" duration-ms="28749" started-at="2023-03-24T21:17:00 BDT" finished-at="2023-03-24T21:17:29 BDT">
    <groups>
      <group name="cucumber">
        <method signature="AbstractTestNGCucumberTests.runScenario(io.cucumber.testng.PickleWrapper, io.cucumber.testng.FeatureWrapper)[pri:0, instance:Web.TestRunner.XYZBankTestRunner@72057ecf]" name="runScenario" class="io.cucumber.testng.AbstractTestNGCucumberTests"/>
      </group> <!-- cucumber -->
    </groups>
    <test name="xyzBank" duration-ms="28749" started-at="2023-03-24T21:17:00 BDT" finished-at="2023-03-24T21:17:29 BDT">
      <class name="Web.TestRunner.XYZBankTestRunner">
        <test-method status="PASS" signature="setUpClass()[pri:0, instance:Web.TestRunner.XYZBankTestRunner@72057ecf]" name="setUpClass" is-config="true" duration-ms="819" started-at="2023-03-24T21:17:00 BDT" finished-at="2023-03-24T21:17:01 BDT">
          <reporter-output>
          </reporter-output>
        </test-method> <!-- setUpClass -->
        <test-method status="PASS" signature="runScenario(io.cucumber.testng.PickleWrapper, io.cucumber.testng.FeatureWrapper)[pri:0, instance:Web.TestRunner.XYZBankTestRunner@72057ecf]" name="runScenario" duration-ms="13451" started-at="2023-03-24T21:17:01 BDT" description="Runs Cucumber Scenarios" data-provider="scenarios" finished-at="2023-03-24T21:17:14 BDT">
          <params>
            <param index="0">
              <value>
                <![CDATA["Manager adds a customer"]]>
              </value>
            </param>
            <param index="1">
              <value>
                <![CDATA["Optional[Bank Manager Login (addCustomer)]"]]>
              </value>
            </param>
          </params>
          <reporter-output>
          </reporter-output>
        </test-method> <!-- runScenario -->
        <test-method status="PASS" signature="runScenario(io.cucumber.testng.PickleWrapper, io.cucumber.testng.FeatureWrapper)[pri:0, instance:Web.TestRunner.XYZBankTestRunner@72057ecf]" name="runScenario" duration-ms="6830" started-at="2023-03-24T21:17:14 BDT" description="Runs Cucumber Scenarios" data-provider="scenarios" finished-at="2023-03-24T21:17:21 BDT">
          <params>
            <param index="0">
              <value>
                <![CDATA["Manager opens an account by linking newly created customer"]]>
              </value>
            </param>
            <param index="1">
              <value>
                <![CDATA["Optional[Bank Manager Login (openAccount)]"]]>
              </value>
            </param>
          </params>
          <reporter-output>
          </reporter-output>
        </test-method> <!-- runScenario -->
        <test-method status="PASS" signature="runScenario(io.cucumber.testng.PickleWrapper, io.cucumber.testng.FeatureWrapper)[pri:0, instance:Web.TestRunner.XYZBankTestRunner@72057ecf]" name="runScenario" duration-ms="7542" started-at="2023-03-24T21:17:21 BDT" description="Runs Cucumber Scenarios" data-provider="scenarios" finished-at="2023-03-24T21:17:28 BDT">
          <params>
            <param index="0">
              <value>
                <![CDATA["Manager deletes the new customer"]]>
              </value>
            </param>
            <param index="1">
              <value>
                <![CDATA["Optional[Bank Manager Login (deleteCustomer)]"]]>
              </value>
            </param>
          </params>
          <reporter-output>
          </reporter-output>
        </test-method> <!-- runScenario -->
        <test-method status="PASS" signature="tearDownClass()[pri:0, instance:Web.TestRunner.XYZBankTestRunner@72057ecf]" name="tearDownClass" is-config="true" duration-ms="46" started-at="2023-03-24T21:17:28 BDT" finished-at="2023-03-24T21:17:29 BDT">
          <reporter-output>
          </reporter-output>
        </test-method> <!-- tearDownClass -->
      </class> <!-- Web.TestRunner.XYZBankTestRunner -->
    </test> <!-- xyzBank -->
  </suite> <!-- webSuite -->
  <suite name="appSuite" duration-ms="100431" started-at="2023-03-24T21:17:29 BDT" finished-at="2023-03-24T21:19:09 BDT">
    <groups>
      <group name="cucumber">
        <method signature="AbstractTestNGCucumberTests.runScenario(io.cucumber.testng.PickleWrapper, io.cucumber.testng.FeatureWrapper)[pri:0, instance:App.TestRunner.ExperiBankTestRunner@4f18837a]" name="runScenario" class="io.cucumber.testng.AbstractTestNGCucumberTests"/>
      </group> <!-- cucumber -->
    </groups>
    <test name="ExperiBank" duration-ms="100431" started-at="2023-03-24T21:17:29 BDT" finished-at="2023-03-24T21:19:09 BDT">
      <class name="App.TestRunner.ExperiBankTestRunner">
        <test-method status="PASS" signature="setUpClass()[pri:0, instance:App.TestRunner.ExperiBankTestRunner@4f18837a]" name="setUpClass" is-config="true" duration-ms="31" started-at="2023-03-24T21:17:29 BDT" finished-at="2023-03-24T21:17:29 BDT">
          <reporter-output>
          </reporter-output>
        </test-method> <!-- setUpClass -->
        <test-method status="PASS" signature="runScenario(io.cucumber.testng.PickleWrapper, io.cucumber.testng.FeatureWrapper)[pri:0, instance:App.TestRunner.ExperiBankTestRunner@4f18837a]" name="runScenario" duration-ms="30676" started-at="2023-03-24T21:17:29 BDT" description="Runs Cucumber Scenarios" data-provider="scenarios" finished-at="2023-03-24T21:17:59 BDT">
          <params>
            <param index="0">
              <value>
                <![CDATA["user login"]]>
              </value>
            </param>
            <param index="1">
              <value>
                <![CDATA["Optional[AppTest]"]]>
              </value>
            </param>
          </params>
          <reporter-output>
          </reporter-output>
        </test-method> <!-- runScenario -->
        <test-method status="PASS" signature="runScenario(io.cucumber.testng.PickleWrapper, io.cucumber.testng.FeatureWrapper)[pri:0, instance:App.TestRunner.ExperiBankTestRunner@4f18837a]" name="runScenario" duration-ms="20080" started-at="2023-03-24T21:17:59 BDT" description="Runs Cucumber Scenarios" data-provider="scenarios" finished-at="2023-03-24T21:18:19 BDT">
          <params>
            <param index="0">
              <value>
                <![CDATA[""]]>
              </value>
            </param>
            <param index="1">
              <value>
                <![CDATA["Optional.empty"]]>
              </value>
            </param>
          </params>
          <reporter-output>
          </reporter-output>
        </test-method> <!-- runScenario -->
        <test-method status="PASS" signature="runScenario(io.cucumber.testng.PickleWrapper, io.cucumber.testng.FeatureWrapper)[pri:0, instance:App.TestRunner.ExperiBankTestRunner@4f18837a]" name="runScenario" duration-ms="40914" started-at="2023-03-24T21:18:19 BDT" description="Runs Cucumber Scenarios" data-provider="scenarios" finished-at="2023-03-24T21:19:00 BDT">
          <params>
            <param index="0">
              <value>
                <![CDATA[""]]>
              </value>
            </param>
            <param index="1">
              <value>
                <![CDATA["Optional.empty"]]>
              </value>
            </param>
          </params>
          <reporter-output>
          </reporter-output>
        </test-method> <!-- runScenario -->
        <test-method status="PASS" signature="runScenario(io.cucumber.testng.PickleWrapper, io.cucumber.testng.FeatureWrapper)[pri:0, instance:App.TestRunner.ExperiBankTestRunner@4f18837a]" name="runScenario" duration-ms="8708" started-at="2023-03-24T21:19:00 BDT" description="Runs Cucumber Scenarios" data-provider="scenarios" finished-at="2023-03-24T21:19:09 BDT">
          <params>
            <param index="0">
              <value>
                <![CDATA[""]]>
              </value>
            </param>
            <param index="1">
              <value>
                <![CDATA["Optional.empty"]]>
              </value>
            </param>
          </params>
          <reporter-output>
          </reporter-output>
        </test-method> <!-- runScenario -->
        <test-method status="PASS" signature="tearDownClass()[pri:0, instance:App.TestRunner.ExperiBankTestRunner@4f18837a]" name="tearDownClass" is-config="true" duration-ms="19" started-at="2023-03-24T21:19:09 BDT" finished-at="2023-03-24T21:19:09 BDT">
          <reporter-output>
          </reporter-output>
        </test-method> <!-- tearDownClass -->
      </class> <!-- App.TestRunner.ExperiBankTestRunner -->
    </test> <!-- ExperiBank -->
  </suite> <!-- appSuite -->
  <suite name="apiSuite" duration-ms="2356" started-at="2023-03-24T21:19:09 BDT" finished-at="2023-03-24T21:19:11 BDT">
    <groups>
      <group name="cucumber">
        <method signature="AbstractTestNGCucumberTests.runScenario(io.cucumber.testng.PickleWrapper, io.cucumber.testng.FeatureWrapper)[pri:0, instance:Api.TestRunner.GetApiTestRunner@4fb61f4a]" name="runScenario" class="io.cucumber.testng.AbstractTestNGCucumberTests"/>
      </group> <!-- cucumber -->
    </groups>
    <test name="getApiReqRes" duration-ms="2356" started-at="2023-03-24T21:19:09 BDT" finished-at="2023-03-24T21:19:11 BDT">
      <class name="Api.TestRunner.GetApiTestRunner">
        <test-method status="PASS" signature="setUpClass()[pri:0, instance:Api.TestRunner.GetApiTestRunner@4fb61f4a]" name="setUpClass" is-config="true" duration-ms="16" started-at="2023-03-24T21:19:09 BDT" finished-at="2023-03-24T21:19:09 BDT">
          <reporter-output>
          </reporter-output>
        </test-method> <!-- setUpClass -->
        <test-method status="PASS" signature="runScenario(io.cucumber.testng.PickleWrapper, io.cucumber.testng.FeatureWrapper)[pri:0, instance:Api.TestRunner.GetApiTestRunner@4fb61f4a]" name="runScenario" duration-ms="1858" started-at="2023-03-24T21:19:09 BDT" description="Runs Cucumber Scenarios" data-provider="scenarios" finished-at="2023-03-24T21:19:11 BDT">
          <params>
            <param index="0">
              <value>
                <![CDATA["get api check of pages"]]>
              </value>
            </param>
            <param index="1">
              <value>
                <![CDATA["Optional.empty"]]>
              </value>
            </param>
          </params>
          <reporter-output>
          </reporter-output>
        </test-method> <!-- runScenario -->
        <test-method status="PASS" signature="tearDownClass()[pri:0, instance:Api.TestRunner.GetApiTestRunner@4fb61f4a]" name="tearDownClass" is-config="true" duration-ms="479" started-at="2023-03-24T21:19:11 BDT" finished-at="2023-03-24T21:19:11 BDT">
          <reporter-output>
          </reporter-output>
        </test-method> <!-- tearDownClass -->
      </class> <!-- Api.TestRunner.GetApiTestRunner -->
    </test> <!-- getApiReqRes -->
  </suite> <!-- apiSuite -->
</testng-results>
